<!DOCTYPE html PUBLIC "-//W3C//DTD XHTML 1.1//EN" "https://www.w3.org/TR/xhtml11/DTD/xhtml11.dtd">
<html xmlns="https://www.w3.org/1999/xhtml">
<head>
<meta http-equiv="content-type" content="text/html; charset=UTF-8"/>
<title>TestNG Report</title>
<style type="text/css">table {margin-bottom:10px;border-collapse:collapse;empty-cells:show}th,td {border:1px solid #009;padding:.25em .5em}th {vertical-align:bottom}td {vertical-align:top}table a {font-weight:bold}.stripe td {background-color: #E6EBF9}.num {text-align:right}.passedodd td {background-color: #3F3}.passedeven td {background-color: #0A0}.skippedodd td {background-color: #DDD}.skippedeven td {background-color: #CCC}.failedodd td,.attn {background-color: #F33}.failedeven td,.stripe .attn {background-color: #D00}.stacktrace {white-space:pre;font-family:monospace}.totop {font-size:85%;text-align:center;border-bottom:2px solid #000}.invisible {display:none}</style>
</head>
<body>
<table>
<tr><th>Test</th><th># Passed</th><th># Skipped</th><th># Retried</th><th># Failed</th><th>Time (ms)</th><th>Included Groups</th><th>Excluded Groups</th></tr>
<tr><th colspan="8">mail.rambler.ru</th></tr>
<tr><td><a href="#t0">SuccessfullLoginTest</a></td><td class="num">0</td><td class="num">0</td><td class="num">0</td><td class="num attn">1</td><td class="num">26,268</td><td></td><td></td></tr>
<tr class="stripe"><td><a href="#t1">SaveNewLetterAsDraftTest</a></td><td class="num">1</td><td class="num">0</td><td class="num">0</td><td class="num">0</td><td class="num">13,185</td><td></td><td></td></tr>
<tr><td><a href="#t2">ValidateJustCreatedDraftLetterTest</a></td><td class="num">1</td><td class="num">0</td><td class="num">0</td><td class="num">0</td><td class="num">11,932</td><td></td><td></td></tr>
<tr class="stripe"><td><a href="#t3">SendEmailTest</a></td><td class="num">0</td><td class="num">0</td><td class="num">0</td><td class="num attn">1</td><td class="num">27,413</td><td></td><td></td></tr>
<tr><td><a href="#t4">ValidateJustSentLetterIsInSentFolderTest</a></td><td class="num">1</td><td class="num">0</td><td class="num">0</td><td class="num">0</td><td class="num">15,236</td><td></td><td></td></tr>
<tr class="stripe"><td><a href="#t5">SuccessfullLogOutTest</a></td><td class="num">1</td><td class="num">0</td><td class="num">0</td><td class="num">0</td><td class="num">16,577</td><td></td><td></td></tr>
<tr><th colspan="8">Default Suite</th></tr>
<tr><th>Total</th><th class="num">4</th><th class="num">0</th><th class="num">0</th><th class="num attn">2</th><th class="num">110,611</th><th colspan="2"></th></tr>
</table>
<table id='summary'><thead><tr><th>Class</th><th>Method</th><th>Start</th><th>Time (ms)</th></tr></thead><tbody><tr><th colspan="4">mail.rambler.ru</th></tr></tbody><tbody id="t0"><tr><th colspan="4">SuccessfullLoginTest &#8212; failed</th></tr><tr class="failedeven"><td rowspan="1">Tests.SuccessfullLoginTest</td><td><a href="#m0">loginTest</a></td><td rowspan="1">1625920804693</td><td rowspan="1">23752</td></tr></tbody>
<tbody id="t1"><tr><th colspan="4">SaveNewLetterAsDraftTest &#8212; passed</th></tr><tr class="passedeven"><td rowspan="1">Tests.SaveNewLetterAsDraftTest</td><td><a href="#m1">saveAsDraft</a></td><td rowspan="1">1625920830330</td><td rowspan="1">11382</td></tr></tbody>
<tbody id="t2"><tr><th colspan="4">ValidateJustCreatedDraftLetterTest &#8212; passed</th></tr><tr class="passedeven"><td rowspan="1">Tests.ValidateJustCreatedDraftLetterTest</td><td><a href="#m2">validateJustCreatedDraftletter</a></td><td rowspan="1">1625920843502</td><td rowspan="1">10097</td></tr></tbody>
<tbody id="t3"><tr><th colspan="4">SendEmailTest &#8212; failed</th></tr><tr class="failedeven"><td rowspan="1">Tests.SendEmailTest</td><td><a href="#m3">sendEmail</a></td><td rowspan="1">1625920855514</td><td rowspan="1">25529</td></tr></tbody>
<tbody id="t4"><tr><th colspan="4">ValidateJustSentLetterIsInSentFolderTest &#8212; passed</th></tr><tr class="passedeven"><td rowspan="1">Tests.ValidateJustSentLetterIsInSentFolder</td><td><a href="#m4">validateJustSentLetter</a></td><td rowspan="1">1625920882966</td><td rowspan="1">13329</td></tr></tbody>
<tbody id="t5"><tr><th colspan="4">SuccessfullLogOutTest &#8212; passed</th></tr><tr class="passedeven"><td rowspan="1">Tests.SuccessfullLogOutTest</td><td><a href="#m5">logOut</a></td><td rowspan="1">1625920898274</td><td rowspan="1">14624</td></tr></tbody>
<tbody><tr><th colspan="4">Default Suite</th></tr></tbody></table>
<h2>SuccessfullLoginTest</h2><h3 id="m0">Tests.SuccessfullLoginTest#loginTest</h3><table class="result"><tr><th>Exception</th></tr><tr><td><div class="stacktrace">org.openqa.selenium.TimeoutException: Expected condition failed: waiting for alert to be present (tried for 10 second(s) with 500 milliseconds interval)
Build info: version: &apos;3.141.59&apos;, revision: &apos;e82be7d358&apos;, time: &apos;2018-11-14T08:17:03&apos;
System info: host: &apos;EPRUPETW06F7&apos;, ip: &apos;192.168.0.103&apos;, os.name: &apos;Windows 10&apos;, os.arch: &apos;amd64&apos;, os.version: &apos;10.0&apos;, java.version: &apos;1.8.0_282&apos;
Driver info: org.openqa.selenium.chrome.ChromeDriver
Capabilities {acceptInsecureCerts: false, browserName: chrome, browserVersion: 91.0.4472.124, chrome: {chromedriverVersion: 91.0.4472.101 (af52a90bf870..., userDataDir: C:\Users\DMITRI~1\AppData\L...}, goog:chromeOptions: {debuggerAddress: localhost:49727}, javascriptEnabled: true, networkConnectionEnabled: false, pageLoadStrategy: normal, platform: WINDOWS, platformName: WINDOWS, proxy: Proxy(), setWindowRect: true, strictFileInteractability: false, timeouts: {implicit: 0, pageLoad: 300000, script: 30000}, unhandledPromptBehavior: dismiss and notify, webauthn:extension:largeBlob: true, webauthn:virtualAuthenticators: true}
Session ID: 1a32786c4cf5391040a8cd9ea54d0f08
	at org.openqa.selenium.support.ui.WebDriverWait.timeoutException(WebDriverWait.java:95)
	at org.openqa.selenium.support.ui.FluentWait.until(FluentWait.java:272)
	at Pages.BasePage.closeAllert(BasePage.java:94)
	at Tests.SuccessfullLoginTest.loginTest(SuccessfullLoginTest.java:28)
	at java.util.ArrayList.forEach(ArrayList.java:1259)
	at TestRunner.main(TestRunner.java:19)
... Removed 25 stack frames</div></td></tr></table><p class="totop"><a href="#summary">back to summary</a></p>
<h2>SaveNewLetterAsDraftTest</h2><h3 id="m1">Tests.SaveNewLetterAsDraftTest#saveAsDraft</h3><table class="result"><tr><th class="invisible"/></tr></table><p class="totop"><a href="#summary">back to summary</a></p>
<h2>ValidateJustCreatedDraftLetterTest</h2><h3 id="m2">Tests.ValidateJustCreatedDraftLetterTest#validateJustCreatedDraftletter</h3><table class="result"><tr><th class="invisible"/></tr></table><p class="totop"><a href="#summary">back to summary</a></p>
<h2>SendEmailTest</h2><h3 id="m3">Tests.SendEmailTest#sendEmail</h3><table class="result"><tr><th>Exception</th></tr><tr><td><div class="stacktrace">org.openqa.selenium.TimeoutException: Expected condition failed: waiting for visibility of element located by By.xpath: //header[text()=&apos;Письмо отправлено&apos;] (tried for 10 second(s) with 500 milliseconds interval)
	at org.openqa.selenium.support.ui.WebDriverWait.timeoutException(WebDriverWait.java:95)
	at org.openqa.selenium.support.ui.FluentWait.until(FluentWait.java:272)
	at Pages.BasePage.WBDw82(BasePage.java:68)
	at Tests.SendEmailTest.sendEmail(SendEmailTest.java:47)
	at java.util.ArrayList.forEach(ArrayList.java:1259)
	at TestRunner.main(TestRunner.java:19)
Caused by: org.openqa.selenium.NoSuchElementException: no such element: Unable to locate element: {&quot;method&quot;:&quot;xpath&quot;,&quot;selector&quot;:&quot;//header[text()=&apos;Письмо отправлено&apos;]&quot;}
  (Session info: chrome=91.0.4472.124)
For documentation on this error, please visit: https://www.seleniumhq.org/exceptions/no_such_element.html
Build info: version: &apos;3.141.59&apos;, revision: &apos;e82be7d358&apos;, time: &apos;2018-11-14T08:17:03&apos;
System info: host: &apos;EPRUPETW06F7&apos;, ip: &apos;192.168.0.103&apos;, os.name: &apos;Windows 10&apos;, os.arch: &apos;amd64&apos;, os.version: &apos;10.0&apos;, java.version: &apos;1.8.0_282&apos;
Driver info: org.openqa.selenium.chrome.ChromeDriver
Capabilities {acceptInsecureCerts: false, browserName: chrome, browserVersion: 91.0.4472.124, chrome: {chromedriverVersion: 91.0.4472.101 (af52a90bf870..., userDataDir: C:\Users\DMITRI~1\AppData\L...}, goog:chromeOptions: {debuggerAddress: localhost:59335}, javascriptEnabled: true, networkConnectionEnabled: false, pageLoadStrategy: normal, platform: WINDOWS, platformName: WINDOWS, proxy: Proxy(), setWindowRect: true, strictFileInteractability: false, timeouts: {implicit: 0, pageLoad: 300000, script: 30000}, unhandledPromptBehavior: dismiss and notify, webauthn:extension:largeBlob: true, webauthn:virtualAuthenticators: true}
Session ID: f7a0c26f811f5867ebce985e56856c40
*** Element info: {Using=xpath, value=//header[text()=&apos;Письмо отправлено&apos;]}
	at org.openqa.selenium.remote.http.W3CHttpResponseCodec.createException(W3CHttpResponseCodec.java:187)
	at org.openqa.selenium.remote.http.W3CHttpResponseCodec.decode(W3CHttpResponseCodec.java:122)
	at org.openqa.selenium.remote.http.W3CHttpResponseCodec.decode(W3CHttpResponseCodec.java:49)
	at org.openqa.selenium.remote.HttpCommandExecutor.execute(HttpCommandExecutor.java:158)
	at org.openqa.selenium.remote.service.DriverCommandExecutor.execute(DriverCommandExecutor.java:83)
	at org.openqa.selenium.remote.RemoteWebDriver.execute(RemoteWebDriver.java:552)
	at org.openqa.selenium.remote.RemoteWebDriver.findElement(RemoteWebDriver.java:323)
	at org.openqa.selenium.remote.RemoteWebDriver.findElementByXPath(RemoteWebDriver.java:428)
	at org.openqa.selenium.By$ByXPath.findElement(By.java:353)
	at org.openqa.selenium.remote.RemoteWebDriver.findElement(RemoteWebDriver.java:315)
	at org.openqa.selenium.support.ui.ExpectedConditions$7.apply(ExpectedConditions.java:205)
	at org.openqa.selenium.support.ui.ExpectedConditions$7.apply(ExpectedConditions.java:201)
	at org.openqa.selenium.support.ui.FluentWait.until(FluentWait.java:249)
	... 29 more
... Removed 28 stack frames</div></td></tr></table><p class="totop"><a href="#summary">back to summary</a></p>
<h2>ValidateJustSentLetterIsInSentFolderTest</h2><h3 id="m4">Tests.ValidateJustSentLetterIsInSentFolder#validateJustSentLetter</h3><table class="result"><tr><th class="invisible"/></tr></table><p class="totop"><a href="#summary">back to summary</a></p>
<h2>SuccessfullLogOutTest</h2><h3 id="m5">Tests.SuccessfullLogOutTest#logOut</h3><table class="result"><tr><th class="invisible"/></tr></table><p class="totop"><a href="#summary">back to summary</a></p>
</body>
</html>
